<?xml version="1.0" encoding="UTF-8"?>
<!-- Generated by org.testng.reporters.JUnitXMLReporter -->
<testsuite ignored="0" hostname="Chinmaya" failures="0" tests="1" name="Test" time="8.957" errors="0" timestamp="2025-05-02T09:24:32 IST">
  <testcase classname="baseClass.BaseClass" name="@BeforeClass setup" time="8.378">
    <failure type="java.lang.RuntimeException" message="invalidBrowserchrome">
      <![CDATA[java.lang.RuntimeException: invalidBrowserchrome
at baseClass.BaseClass.setup(BaseClass.java:68)
at java.base/java.util.ArrayList.forEach(ArrayList.java:1540)
... Removed 25 stack frames]]>
    </failure>
  </testcase> <!-- @BeforeClass setup -->
  <testcase classname="baseClass.BaseClass" name="@AfterClass tearDown" time="0.0">
    <skipped/>
  </testcase> <!-- @AfterClass tearDown -->
  <testcase classname="testCases.HomeTest" name="t1" time="0.0">
    <skipped/>
  </testcase> <!-- t1 -->
</testsuite> <!-- Test -->
